ldebug.c:44:12: warning: ‘currentline’ defined but not used [-Wunused-function]
   44 | static int currentline (lua_State *L, CallInfo *ci) {
      |            ^~~~~~~~~~~
ldump.c: In function ‘DumpString’:
ldump.c:63:26: warning: the comparison will always evaluate as ‘false’ for the pointer operand in ‘s + 24’ must not be NULL [-Waddress]
   63 |  if (s==NULL || getstr(s)==NULL)
      |                          ^~
llex.c:210:12: warning: ‘skip_sep’ defined but not used [-Wunused-function]
  210 | static int skip_sep (LexState *ls) {
      |            ^~~~~~~~
lauxlib.c: In function ‘luaL_loadfile’:
lauxlib.c:577:4: warning: this ‘while’ clause does not guard... [-Wmisleading-indentation]
  577 |    while ((c = getc(lf.f)) != EOF && c != LUA_SIGNATURE[0]) ;
      |    ^~~~~
lauxlib.c:578:5: note: ...this statement, but the latter is misleadingly indented as if it were guarded by the ‘while’
  578 |     lf.extraline = 0;
      |     ^~
ltablib.c: In function ‘addfield’:
ltablib.c:137:3: warning: this ‘if’ clause does not guard... [-Wmisleading-indentation]
  137 |   if (!lua_isstring(L, -1))
      |   ^~
ltablib.c:140:5: note: ...this statement, but the latter is misleadingly indented as if it were guarded by the ‘if’
  140 |     luaL_addvalue(b);
      |     ^~~~~~~~~~~~~
ar: `u' modifier ignored since `D' is the default (see `U')
